<?xml version="1.0" encoding="UTF-8"?>
<testsuite name="rubix.structure.EdgeTest" tests="3" skipped="0" failures="0" errors="0" timestamp="2018-06-16T06:33:39" hostname="arubox" time="0.008">
  <properties/>
  <testcase name="testComposition" classname="rubix.structure.EdgeTest" time="0.007"/>
  <testcase name="testRotation" classname="rubix.structure.EdgeTest" time="0.0"/>
  <testcase name="testAllocation" classname="rubix.structure.EdgeTest" time="0.0"/>
  <system-out><![CDATA[]]></system-out>
  <system-err><![CDATA[]]></system-err>
</testsuite>
