<?xml version="1.0" encoding="UTF-8"?>
<testsuite name="rubix.structure.FaceTest" tests="3" skipped="0" failures="0" errors="0" timestamp="2018-06-16T06:33:39" hostname="arubox" time="0.007">
  <properties/>
  <testcase name="testComposition" classname="rubix.structure.FaceTest" time="0.002"/>
  <testcase name="testPutEdge" classname="rubix.structure.FaceTest" time="0.0"/>
  <testcase name="testAllocation" classname="rubix.structure.FaceTest" time="0.004"/>
  <system-out><![CDATA[]]></system-out>
  <system-err><![CDATA[]]></system-err>
</testsuite>
