<?xml version="1.0" encoding="UTF-8"?>
<testsuite name="rubix.structure.MiscTest" tests="1" skipped="0" failures="0" errors="0" timestamp="2018-06-16T06:33:39" hostname="arubox" time="0.001">
  <properties/>
  <testcase name="enumHashing" classname="rubix.structure.MiscTest" time="0.001"/>
  <system-out><![CDATA[]]></system-out>
  <system-err><![CDATA[]]></system-err>
</testsuite>
